<?xml version="1.0" encoding="UTF-8"?>
<robot generator="Robot 5.0.1 (Python 3.10.5 on win32)" generated="20220811 21:05:14.019" rpa="false" schemaversion="3">
<suite id="s1" name="Consulta Shop" source="E:\EstudoQAV4\EstudoQAV3\test-case\consulta_shop.robot">
<kw name="Dado que o browser esteja aberto" library="resource" type="SETUP">
<kw name="Open Browser" library="SeleniumLibrary">
<arg>url:blank</arg>
<arg>googlechrome</arg>
<doc>Opens a new browser instance to the optional ``url``.</doc>
<msg timestamp="20220811 21:05:14.772" level="INFO">Opening browser 'googlechrome' to base url 'url:blank'.</msg>
<status status="PASS" starttime="20220811 21:05:14.772" endtime="20220811 21:05:15.979"/>
</kw>
<status status="PASS" starttime="20220811 21:05:14.772" endtime="20220811 21:05:15.980"/>
</kw>
<test id="s1-t1" name="Cenário 1 – Apresentar a opção de Consulta" line="12">
<kw name="Dado que estou na tela principal do site" library="consulta_shopqa">
<kw name="Maximize Browser Window" library="SeleniumLibrary">
<doc>Maximizes current browser window.</doc>
<status status="PASS" starttime="20220811 21:05:15.985" endtime="20220811 21:05:16.112"/>
</kw>
<kw name="Go To" library="SeleniumLibrary">
<arg>https://shop.demoqa.com/</arg>
<doc>Navigates the current browser window to the provided ``url``.</doc>
<msg timestamp="20220811 21:05:16.113" level="INFO">Opening url 'https://shop.demoqa.com/'</msg>
<status status="PASS" starttime="20220811 21:05:16.112" endtime="20220811 21:05:20.521"/>
</kw>
<kw name="Title Should Be" library="SeleniumLibrary">
<arg>ToolsQA Demo Site – ToolsQA – Demo E-Commerce Site</arg>
<doc>Verifies that the current page title equals ``title``.</doc>
<msg timestamp="20220811 21:05:20.525" level="INFO">Page title is 'ToolsQA Demo Site – ToolsQA – Demo E-Commerce Site'.</msg>
<status status="PASS" starttime="20220811 21:05:20.521" endtime="20220811 21:05:20.525"/>
</kw>
<kw name="Wait Until Element Is Visible" library="SeleniumLibrary">
<arg>${HOME_INPUT_SEARCH}</arg>
<doc>Waits until the element ``locator`` is visible.</doc>
<status status="PASS" starttime="20220811 21:05:20.526" endtime="20220811 21:05:20.555"/>
</kw>
<status status="PASS" starttime="20220811 21:05:15.983" endtime="20220811 21:05:20.555"/>
</kw>
<kw name="Quando clico na opção de Search" library="consulta_shopqa">
<kw name="Click Element" library="SeleniumLibrary">
<arg>${HOME_INPUT_SEARCH}</arg>
<doc>Click the element identified by ``locator``.</doc>
<msg timestamp="20220811 21:05:20.556" level="INFO">Clicking element '//*[@class="noo-search"]'.</msg>
<status status="PASS" starttime="20220811 21:05:20.556" endtime="20220811 21:05:20.595"/>
</kw>
<status status="PASS" starttime="20220811 21:05:20.556" endtime="20220811 21:05:20.595"/>
</kw>
<kw name="Então é apresentado a opção para digitar o produto a ser consultado" library="consulta_shopqa">
<kw name="Element Text Should Be" library="SeleniumLibrary">
<arg>${HOME_INPUT_SEARCH_QA}</arg>
<arg>TYPE AND PRESS ENTER TO SEARCH</arg>
<doc>Verifies that element ``locator`` contains exact the text ``expected``.</doc>
<msg timestamp="20220811 21:05:20.597" level="INFO">Verifying element '//*[@class="note-search"]' contains exact text 'TYPE AND PRESS ENTER TO SEARCH'.</msg>
<status status="PASS" starttime="20220811 21:05:20.596" endtime="20220811 21:05:20.630"/>
</kw>
<status status="PASS" starttime="20220811 21:05:20.595" endtime="20220811 21:05:20.630"/>
</kw>
<status status="PASS" starttime="20220811 21:05:15.980" endtime="20220811 21:05:20.632"/>
</test>
<test id="s1-t2" name="Cenário 2 – Efetuar Consulta" line="19">
<kw name="Quando digito a texto Dress" library="consulta_shopqa">
<kw name="Input Text" library="SeleniumLibrary">
<arg>${HOME_INPUT_CONSULTA}</arg>
<arg>Dress</arg>
<doc>Types the given ``text`` into the text field identified by ``locator``.</doc>
<msg timestamp="20220811 21:05:20.639" level="INFO">Typing text 'Dress' into text field '//*[@class="form-control"]'.</msg>
<status status="PASS" starttime="20220811 21:05:20.638" endtime="20220811 21:05:20.696"/>
</kw>
<status status="PASS" starttime="20220811 21:05:20.638" endtime="20220811 21:05:20.696"/>
</kw>
<kw name="Então após dar Enter é apresentado os resultados de buscas" library="consulta_shopqa">
<kw name="Press Keys" library="SeleniumLibrary">
<arg>none</arg>
<arg>RETURN</arg>
<doc>Simulates the user pressing key(s) to an element or on the active browser.</doc>
<msg timestamp="20220811 21:05:20.697" level="INFO">Sending key(s) ('RETURN',) to page.</msg>
<msg timestamp="20220811 21:05:20.698" level="INFO">Pressing special key RETURN to browser.</msg>
<msg timestamp="20220811 21:05:20.698" level="INFO">Releasing special key RETURN.</msg>
<status status="PASS" starttime="20220811 21:05:20.697" endtime="20220811 21:05:21.244"/>
</kw>
<kw name="Element Should Contain" library="SeleniumLibrary">
<arg>${HOME_INPUT_RESULTADO_CONSULTA}</arg>
<arg>Showing</arg>
<doc>Verifies that element ``locator`` contains text ``expected``.</doc>
<msg timestamp="20220811 21:05:21.281" level="INFO">Element '//*[@class="woocommerce-result-count"]' contains text 'Showing'.</msg>
<status status="PASS" starttime="20220811 21:05:21.244" endtime="20220811 21:05:21.281"/>
</kw>
<status status="PASS" starttime="20220811 21:05:20.697" endtime="20220811 21:05:21.281"/>
</kw>
<status status="PASS" starttime="20220811 21:05:20.636" endtime="20220811 21:05:21.283"/>
</test>
<kw name="Fechar Navegador" library="resource" type="TEARDOWN">
<kw name="Close Browser" library="SeleniumLibrary">
<doc>Closes the current browser.</doc>
<status status="PASS" starttime="20220811 21:05:21.287" endtime="20220811 21:05:23.577"/>
</kw>
<status status="PASS" starttime="20220811 21:05:21.287" endtime="20220811 21:05:23.578"/>
</kw>
<status status="PASS" starttime="20220811 21:05:14.021" endtime="20220811 21:05:23.578"/>
</suite>
<statistics>
<total>
<stat pass="2" fail="0" skip="0">All Tests</stat>
</total>
<tag>
</tag>
<suite>
<stat pass="2" fail="0" skip="0" id="s1" name="Consulta Shop">Consulta Shop</stat>
</suite>
</statistics>
<errors>
</errors>
</robot>
