<?xml version="1.0" encoding="UTF-8"?>
<robot generator="Robot 5.0.1 (Python 3.10.5 on win32)" generated="20220824 23:07:13.279" rpa="false" schemaversion="3">
<suite id="s1" name="Itens Shop" source="E:\EstudoQAV4\EstudoQAV3\test-case\itens_shop.robot">
<kw name="Dado que o browser esteja aberto" library="resource" type="SETUP">
<kw name="Open Browser" library="SeleniumLibrary">
<arg>url:blank</arg>
<arg>googlechrome</arg>
<doc>Opens a new browser instance to the optional ``url``.</doc>
<msg timestamp="20220824 23:07:14.016" level="INFO">Opening browser 'googlechrome' to base url 'url:blank'.</msg>
<status status="PASS" starttime="20220824 23:07:14.016" endtime="20220824 23:07:15.304"/>
</kw>
<status status="PASS" starttime="20220824 23:07:14.016" endtime="20220824 23:07:15.305"/>
</kw>
<test id="s1-t1" name="Cenário 1 - Confirmar se o produto é apresentado" line="12">
<kw name="Dado que realizei a consulta de “Dress” no campo de pesquisa E apresentou produtos a serem escolhidos" library="validacao_itens_shopqa">
<kw name="Maximize Browser Window" library="SeleniumLibrary">
<doc>Maximizes current browser window.</doc>
<status status="PASS" starttime="20220824 23:07:15.308" endtime="20220824 23:07:15.444"/>
</kw>
<kw name="Go To" library="SeleniumLibrary">
<arg>https://shop.demoqa.com/</arg>
<doc>Navigates the current browser window to the provided ``url``.</doc>
<msg timestamp="20220824 23:07:15.445" level="INFO">Opening url 'https://shop.demoqa.com/'</msg>
<status status="PASS" starttime="20220824 23:07:15.445" endtime="20220824 23:07:19.623"/>
</kw>
<kw name="Title Should Be" library="SeleniumLibrary">
<arg>ToolsQA Demo Site – ToolsQA – Demo E-Commerce Site</arg>
<doc>Verifies that the current page title equals ``title``.</doc>
<msg timestamp="20220824 23:07:19.628" level="INFO">Page title is 'ToolsQA Demo Site – ToolsQA – Demo E-Commerce Site'.</msg>
<status status="PASS" starttime="20220824 23:07:19.623" endtime="20220824 23:07:19.628"/>
</kw>
<kw name="Wait Until Element Is Visible" library="SeleniumLibrary">
<arg>${HOME_INPUT_SEARCH}</arg>
<doc>Waits until the element ``locator`` is visible.</doc>
<status status="PASS" starttime="20220824 23:07:19.628" endtime="20220824 23:07:19.650"/>
</kw>
<kw name="Click Element" library="SeleniumLibrary">
<arg>${HOME_INPUT_SEARCH}</arg>
<doc>Click the element identified by ``locator``.</doc>
<msg timestamp="20220824 23:07:19.650" level="INFO">Clicking element '//*[@class="noo-search"]'.</msg>
<status status="PASS" starttime="20220824 23:07:19.650" endtime="20220824 23:07:19.686"/>
</kw>
<kw name="Element Text Should Be" library="SeleniumLibrary">
<arg>${HOME_INPUT_SEARCH_QA}</arg>
<arg>TYPE AND PRESS ENTER TO SEARCH</arg>
<doc>Verifies that element ``locator`` contains exact the text ``expected``.</doc>
<msg timestamp="20220824 23:07:19.687" level="INFO">Verifying element '//*[@class="note-search"]' contains exact text 'TYPE AND PRESS ENTER TO SEARCH'.</msg>
<status status="PASS" starttime="20220824 23:07:19.687" endtime="20220824 23:07:19.719"/>
</kw>
<kw name="Wait Until Element Is Visible" library="SeleniumLibrary">
<arg>${HOME_INPUT_CONSULTA}</arg>
<doc>Waits until the element ``locator`` is visible.</doc>
<status status="PASS" starttime="20220824 23:07:19.720" endtime="20220824 23:07:19.741"/>
</kw>
<kw name="Input Text" library="SeleniumLibrary">
<arg>${HOME_INPUT_CONSULTA}</arg>
<arg>Dress</arg>
<doc>Types the given ``text`` into the text field identified by ``locator``.</doc>
<msg timestamp="20220824 23:07:19.742" level="INFO">Typing text 'Dress' into text field '//*[@class="form-control"]'.</msg>
<status status="PASS" starttime="20220824 23:07:19.741" endtime="20220824 23:07:19.791"/>
</kw>
<kw name="Press Keys" library="SeleniumLibrary">
<arg>none</arg>
<arg>RETURN</arg>
<doc>Simulates the user pressing key(s) to an element or on the active browser.</doc>
<msg timestamp="20220824 23:07:19.792" level="INFO">Sending key(s) ('RETURN',) to page.</msg>
<msg timestamp="20220824 23:07:19.792" level="INFO">Pressing special key RETURN to browser.</msg>
<msg timestamp="20220824 23:07:19.792" level="INFO">Releasing special key RETURN.</msg>
<status status="PASS" starttime="20220824 23:07:19.791" endtime="20220824 23:07:20.322"/>
</kw>
<status status="PASS" starttime="20220824 23:07:15.307" endtime="20220824 23:07:20.323"/>
</kw>
<kw name="Quando seleciono o produto" library="validacao_itens_shopqa">
<kw name="Click Element" library="SeleniumLibrary">
<arg>${RESULTADOS_SELECIONAR_PRODUTO}</arg>
<doc>Click the element identified by ``locator``.</doc>
<msg timestamp="20220824 23:07:20.323" level="INFO">Clicking element '//*[@href="https://shop.demoqa.com/product/white-milkmaid-hook-and-eye-bodycon-midi-dress/"]'.</msg>
<status status="PASS" starttime="20220824 23:07:20.323" endtime="20220824 23:07:22.125"/>
</kw>
<status status="PASS" starttime="20220824 23:07:20.323" endtime="20220824 23:07:22.125"/>
</kw>
<kw name="Então é apresentado as informações do produto" library="validacao_itens_shopqa">
<kw name="Element Text Should Be" library="SeleniumLibrary">
<arg>${ESPECIFICACAO_PRODUTO}</arg>
<arg>a white midi dress in a milkmaid style featuring puff detail sleeves and split on the reverse.</arg>
<doc>Verifies that element ``locator`` contains exact the text ``expected``.</doc>
<msg timestamp="20220824 23:07:22.127" level="INFO">Verifying element '//*[@class="product-essential__description"]' contains exact text 'a white midi dress in a milkmaid style featuring puff detail sleeves and split on the reverse.'.</msg>
<status status="PASS" starttime="20220824 23:07:22.126" endtime="20220824 23:07:22.148"/>
</kw>
<status status="PASS" starttime="20220824 23:07:22.126" endtime="20220824 23:07:22.148"/>
</kw>
<status status="PASS" starttime="20220824 23:07:15.305" endtime="20220824 23:07:22.149"/>
</test>
<test id="s1-t2" name="Cenário 3 - Escolhendo o tipo de tamanho do produto" line="20">
<kw name="Quando clico na opção de tamanho" library="validacao_itens_shopqa">
<kw name="Click Element" library="SeleniumLibrary">
<arg>${ESCOLHENDO_TAMANHO}</arg>
<doc>Click the element identified by ``locator``.</doc>
<msg timestamp="20220824 23:07:22.151" level="INFO">Clicking element '//*[@id="pa_size"]'.</msg>
<status status="PASS" starttime="20220824 23:07:22.151" endtime="20220824 23:07:22.201"/>
</kw>
<kw name="Click Element" library="SeleniumLibrary">
<arg>${ESCOLHENDO_TAMANHO_MEDIUM}</arg>
<doc>Click the element identified by ``locator``.</doc>
<msg timestamp="20220824 23:07:22.202" level="INFO">Clicking element '//*[@value="medium"]'.</msg>
<status status="PASS" starttime="20220824 23:07:22.201" endtime="20220824 23:07:22.254"/>
</kw>
<status status="PASS" starttime="20220824 23:07:22.151" endtime="20220824 23:07:22.255"/>
</kw>
<kw name="Então é apresentado as opções de escolha de tamanho" library="validacao_itens_shopqa">
<kw name="Element Text Should Be" library="SeleniumLibrary">
<arg>${ESCOLHENDO_TAMANHO_MEDIUM}</arg>
<arg>Medium</arg>
<doc>Verifies that element ``locator`` contains exact the text ``expected``.</doc>
<msg timestamp="20220824 23:07:22.256" level="INFO">Verifying element '//*[@value="medium"]' contains exact text 'Medium'.</msg>
<status status="PASS" starttime="20220824 23:07:22.255" endtime="20220824 23:07:22.273"/>
</kw>
<status status="PASS" starttime="20220824 23:07:22.255" endtime="20220824 23:07:22.273"/>
</kw>
<status status="PASS" starttime="20220824 23:07:22.150" endtime="20220824 23:07:22.274"/>
</test>
<test id="s1-t3" name="Cenário 2 - Escolhendo o tipo de cor do produto" line="27">
<kw name="Quando clico na opção de cor" library="validacao_itens_shopqa">
<kw name="Click Element" library="SeleniumLibrary">
<arg>${ESCOLHENDO_COR}</arg>
<doc>Click the element identified by ``locator``.</doc>
<msg timestamp="20220824 23:07:22.276" level="INFO">Clicking element '//*[@id="pa_color"]'.</msg>
<status status="PASS" starttime="20220824 23:07:22.276" endtime="20220824 23:07:22.340"/>
</kw>
<status status="PASS" starttime="20220824 23:07:22.275" endtime="20220824 23:07:22.340"/>
</kw>
<kw name="Então é apresentado as opções de escolha de cor E quando seleciono a cor é apresentado a foto com a cor escolhida" library="validacao_itens_shopqa">
<kw name="Click Element" library="SeleniumLibrary">
<arg>${ESCOLHENDO_COR_WHITE}</arg>
<doc>Click the element identified by ``locator``.</doc>
<msg timestamp="20220824 23:07:22.341" level="INFO">Clicking element '//*[@value="white"]'.</msg>
<status status="PASS" starttime="20220824 23:07:22.341" endtime="20220824 23:07:22.414"/>
</kw>
<kw name="Element Text Should Be" library="SeleniumLibrary">
<arg>${ESCOLHENDO_COR_WHITE}</arg>
<arg>White</arg>
<doc>Verifies that element ``locator`` contains exact the text ``expected``.</doc>
<msg timestamp="20220824 23:07:22.414" level="INFO">Verifying element '//*[@value="white"]' contains exact text 'White'.</msg>
<status status="PASS" starttime="20220824 23:07:22.414" endtime="20220824 23:07:22.448"/>
</kw>
<status status="PASS" starttime="20220824 23:07:22.340" endtime="20220824 23:07:22.448"/>
</kw>
<status status="PASS" starttime="20220824 23:07:22.275" endtime="20220824 23:07:22.449"/>
</test>
<test id="s1-t4" name="Cenário 5 - Informações adicionais" line="38">
<kw name="Então é apresentado as informações adicionais" library="validacao_itens_shopqa">
<kw name="Element Text Should Be" library="SeleniumLibrary">
<arg>${VALIDAR_ADDICIONAL_INFO}</arg>
<arg>ADDITIONAL INFORMATION</arg>
<doc>Verifies that element ``locator`` contains exact the text ``expected``.</doc>
<msg timestamp="20220824 23:07:22.451" level="INFO">Verifying element '//*[@class="additional_information_tab active"]' contains exact text 'ADDITIONAL INFORMATION'.</msg>
<status status="PASS" starttime="20220824 23:07:22.451" endtime="20220824 23:07:22.473"/>
</kw>
<status status="PASS" starttime="20220824 23:07:22.451" endtime="20220824 23:07:22.473"/>
</kw>
<status status="PASS" starttime="20220824 23:07:22.450" endtime="20220824 23:07:22.474"/>
</test>
<test id="s1-t5" name="Cenário 6 - Opções de compartilhamento do produto nas redes sociais" line="42">
<kw name="Então é apresentado os ícones das redes sociais" library="validacao_itens_shopqa">
<kw name="Element Should Be Enabled" library="SeleniumLibrary">
<arg>${VALIDAR_ICONE_FACE}</arg>
<doc>Verifies that element identified by ``locator`` is enabled.</doc>
<status status="PASS" starttime="20220824 23:07:22.478" endtime="20220824 23:07:22.507"/>
</kw>
<kw name="Element Should Be Enabled" library="SeleniumLibrary">
<arg>${VALIDAR_ICONE_TWITTER}</arg>
<doc>Verifies that element identified by ``locator`` is enabled.</doc>
<status status="PASS" starttime="20220824 23:07:22.507" endtime="20220824 23:07:22.534"/>
</kw>
<kw name="Element Should Be Enabled" library="SeleniumLibrary">
<arg>${VALIDAR_ICONE_GOOGLE}</arg>
<doc>Verifies that element identified by ``locator`` is enabled.</doc>
<status status="PASS" starttime="20220824 23:07:22.534" endtime="20220824 23:07:22.558"/>
</kw>
<kw name="Element Should Be Enabled" library="SeleniumLibrary">
<arg>${VALIDAR_ICONE_PINTEREST}</arg>
<doc>Verifies that element identified by ``locator`` is enabled.</doc>
<status status="PASS" starttime="20220824 23:07:22.558" endtime="20220824 23:07:22.586"/>
</kw>
<status status="PASS" starttime="20220824 23:07:22.477" endtime="20220824 23:07:22.586"/>
</kw>
<status status="PASS" starttime="20220824 23:07:22.476" endtime="20220824 23:07:22.587"/>
</test>
<test id="s1-t6" name="Cenário 7 - Apresentado itens relacionados" line="46">
<kw name="Então é apresentado os produtos relacionados" library="validacao_itens_shopqa">
<kw name="Element Text Should Be" library="SeleniumLibrary">
<arg>${VALIDAR_PRODUTOS_RELACIONADOS}</arg>
<arg>RELATED PRODUCTS</arg>
<doc>Verifies that element ``locator`` contains exact the text ``expected``.</doc>
<msg timestamp="20220824 23:07:22.589" level="INFO">Verifying element '//*[@class="title-related"]' contains exact text 'RELATED PRODUCTS'.</msg>
<status status="PASS" starttime="20220824 23:07:22.589" endtime="20220824 23:07:22.609"/>
</kw>
<status status="PASS" starttime="20220824 23:07:22.588" endtime="20220824 23:07:22.610"/>
</kw>
<status status="PASS" starttime="20220824 23:07:22.588" endtime="20220824 23:07:22.611"/>
</test>
<kw name="Fechar Navegador" library="resource" type="TEARDOWN">
<kw name="Close Browser" library="SeleniumLibrary">
<doc>Closes the current browser.</doc>
<status status="PASS" starttime="20220824 23:07:22.612" endtime="20220824 23:07:24.831"/>
</kw>
<status status="PASS" starttime="20220824 23:07:22.612" endtime="20220824 23:07:24.831"/>
</kw>
<status status="PASS" starttime="20220824 23:07:13.281" endtime="20220824 23:07:24.831"/>
</suite>
<statistics>
<total>
<stat pass="6" fail="0" skip="0">All Tests</stat>
</total>
<tag>
</tag>
<suite>
<stat pass="6" fail="0" skip="0" id="s1" name="Itens Shop">Itens Shop</stat>
</suite>
</statistics>
<errors>
</errors>
</robot>
