<?xml version="1.0" encoding="UTF-8"?>
<robot generator="Robot 5.0.1 (Python 3.10.4 on win32)" generated="20220812 08:58:42.615" rpa="false" schemaversion="3">
<suite id="s1" name="Shop Login" source="C:\padrinho\EstudoQAV3\test-case\shop_login.robot">
<kw name="Dado que o browser esteja aberto" library="resource" type="SETUP">
<kw name="Open Browser" library="SeleniumLibrary">
<arg>url:blank</arg>
<arg>googlechrome</arg>
<doc>Opens a new browser instance to the optional ``url``.</doc>
<msg timestamp="20220812 08:58:43.415" level="INFO">Opening browser 'googlechrome' to base url 'url:blank'.</msg>
<status status="PASS" starttime="20220812 08:58:43.415" endtime="20220812 08:58:45.875"/>
</kw>
<status status="PASS" starttime="20220812 08:58:43.415" endtime="20220812 08:58:45.875"/>
</kw>
<test id="s1-t1" name="Cenário 5 - Negar acesso para senha que tenha apenas 3 caracteres" line="38">
<kw name="Dado que estou na tela para logar" library="shop_logar">
<kw name="Go To" library="SeleniumLibrary">
<arg>https://shop.demoqa.com/my-account/</arg>
<doc>Navigates the current browser window to the provided ``url``.</doc>
<msg timestamp="20220812 08:58:45.885" level="INFO">Opening url 'https://shop.demoqa.com/my-account/'</msg>
<status status="PASS" starttime="20220812 08:58:45.884" endtime="20220812 08:58:50.191"/>
</kw>
<kw name="Title Should Be" library="SeleniumLibrary">
<arg>My Account – ToolsQA Demo Site</arg>
<doc>Verifies that the current page title equals ``title``.</doc>
<msg timestamp="20220812 08:58:50.199" level="INFO">Page title is 'My Account – ToolsQA Demo Site'.</msg>
<status status="PASS" starttime="20220812 08:58:50.191" endtime="20220812 08:58:50.199"/>
</kw>
<status status="PASS" starttime="20220812 08:58:45.883" endtime="20220812 08:58:50.199"/>
</kw>
<kw name="Quando Insiro os dados de usuário &quot;teste1903&quot; e senha &quot;123&quot;" library="shop_logar" sourcename="Quando Insiro os dados de usuário &quot;${usuario}&quot; e senha &quot;${senha}&quot;">
<kw name="Input Text" library="SeleniumLibrary">
<arg>${LOGIN_INPUT_USUARIO}</arg>
<arg>${usuario}</arg>
<doc>Types the given ``text`` into the text field identified by ``locator``.</doc>
<msg timestamp="20220812 08:58:50.202" level="INFO">Typing text 'teste1903' into text field '//*[@id="username"]'.</msg>
<status status="PASS" starttime="20220812 08:58:50.200" endtime="20220812 08:58:50.278"/>
</kw>
<kw name="Input Text" library="SeleniumLibrary">
<arg>${LOGIN_INPUT_SENHA}</arg>
<arg>${senha}</arg>
<doc>Types the given ``text`` into the text field identified by ``locator``.</doc>
<msg timestamp="20220812 08:58:50.278" level="INFO">Typing text '123' into text field '//*[@id="password"]'.</msg>
<status status="PASS" starttime="20220812 08:58:50.278" endtime="20220812 08:58:50.346"/>
</kw>
<kw name="Press Keys" library="SeleniumLibrary">
<arg>none</arg>
<arg>RETURN</arg>
<doc>Simulates the user pressing key(s) to an element or on the active browser.</doc>
<msg timestamp="20220812 08:58:50.346" level="INFO">Sending key(s) ('RETURN',) to page.</msg>
<msg timestamp="20220812 08:58:50.346" level="INFO">Pressing special key RETURN to browser.</msg>
<msg timestamp="20220812 08:58:50.346" level="INFO">Releasing special key RETURN.</msg>
<status status="PASS" starttime="20220812 08:58:50.346" endtime="20220812 08:58:52.678"/>
</kw>
<status status="PASS" starttime="20220812 08:58:50.200" endtime="20220812 08:58:52.678"/>
</kw>
<kw name="Então é apresentado a informação que a usuário não existe" library="shop_logar">
<kw name="Element Should Be Visible" library="SeleniumLibrary">
<arg>${LOGIN_RESULT_ERROR}</arg>
<arg>ERROR</arg>
<doc>Verifies that the element identified by ``locator`` is visible.</doc>
<msg timestamp="20220812 08:58:52.712" level="INFO">Element '//*[@class="woocommerce-error"]' is displayed.</msg>
<status status="PASS" starttime="20220812 08:58:52.679" endtime="20220812 08:58:52.712"/>
</kw>
<kw name="Capture Page Screenshot" library="SeleniumLibrary">
<doc>Takes a screenshot of the current page and embeds it into a log file.</doc>
<msg timestamp="20220812 08:58:52.887" level="INFO" html="true">&lt;/td&gt;&lt;/tr&gt;&lt;tr&gt;&lt;td colspan="3"&gt;&lt;a href="selenium-screenshot-5.png"&gt;&lt;img src="selenium-screenshot-5.png" width="800px"&gt;&lt;/a&gt;</msg>
<status status="PASS" starttime="20220812 08:58:52.712" endtime="20220812 08:58:52.887"/>
</kw>
<status status="PASS" starttime="20220812 08:58:52.679" endtime="20220812 08:58:52.887"/>
</kw>
<status status="PASS" starttime="20220812 08:58:45.876" endtime="20220812 08:58:52.888"/>
</test>
<kw name="Fechar Navegador" library="resource" type="TEARDOWN">
<kw name="Close Browser" library="SeleniumLibrary">
<doc>Closes the current browser.</doc>
<status status="PASS" starttime="20220812 08:58:52.890" endtime="20220812 08:58:55.520"/>
</kw>
<status status="PASS" starttime="20220812 08:58:52.890" endtime="20220812 08:58:55.520"/>
</kw>
<status status="PASS" starttime="20220812 08:58:42.617" endtime="20220812 08:58:55.520"/>
</suite>
<statistics>
<total>
<stat pass="1" fail="0" skip="0">All Tests</stat>
</total>
<tag>
</tag>
<suite>
<stat pass="1" fail="0" skip="0" id="s1" name="Shop Login">Shop Login</stat>
</suite>
</statistics>
<errors>
</errors>
</robot>
