<?xml version="1.0" encoding="UTF-8"?>
<robot generator="Robot 5.0.1 (Python 3.10.5 on win32)" generated="20220830 22:20:55.311" rpa="false" schemaversion="3">
<suite id="s1" name="Test-Case" source="E:\EstudoQAV4\EstudoQAV3\test-case">
<suite id="s1-s1" name="Itens Shop" source="E:\EstudoQAV4\EstudoQAV3\test-case\itens_shop.robot">
<kw name="Dado que o browser esteja aberto" library="resource" type="SETUP">
<kw name="Open Browser" library="SeleniumLibrary">
<arg>url:blank</arg>
<arg>googlechrome</arg>
<doc>Opens a new browser instance to the optional ``url``.</doc>
<msg timestamp="20220830 22:20:56.391" level="INFO">Opening browser 'googlechrome' to base url 'url:blank'.</msg>
<status status="PASS" starttime="20220830 22:20:56.391" endtime="20220830 22:20:57.950"/>
</kw>
<status status="PASS" starttime="20220830 22:20:56.390" endtime="20220830 22:20:57.950"/>
</kw>
<test id="s1-s1-t1" name="Cenário 7 - Apresentado itens relacionados" line="47">
<kw name="Dado que o produto é visível na tela" library="validacao_itens_shopqa">
<kw name="Dado que realizei a consulta de “Dress” no campo de pesquisa E apresentou produtos a serem escolhidos" library="validacao_itens_shopqa">
<kw name="Maximize Browser Window" library="SeleniumLibrary">
<doc>Maximizes current browser window.</doc>
<status status="PASS" starttime="20220830 22:20:57.956" endtime="20220830 22:20:58.102"/>
</kw>
<kw name="Go To" library="SeleniumLibrary">
<arg>https://shop.demoqa.com/</arg>
<doc>Navigates the current browser window to the provided ``url``.</doc>
<msg timestamp="20220830 22:20:58.103" level="INFO">Opening url 'https://shop.demoqa.com/'</msg>
<status status="PASS" starttime="20220830 22:20:58.102" endtime="20220830 22:21:34.834"/>
</kw>
<kw name="Title Should Be" library="SeleniumLibrary">
<arg>ToolsQA Demo Site – ToolsQA – Demo E-Commerce Site</arg>
<doc>Verifies that the current page title equals ``title``.</doc>
<msg timestamp="20220830 22:21:34.846" level="INFO">Page title is 'ToolsQA Demo Site – ToolsQA – Demo E-Commerce Site'.</msg>
<status status="PASS" starttime="20220830 22:21:34.834" endtime="20220830 22:21:34.846"/>
</kw>
<kw name="Wait Until Element Is Visible" library="SeleniumLibrary">
<arg>${HOME_INPUT_SEARCH}</arg>
<doc>Waits until the element ``locator`` is visible.</doc>
<status status="PASS" starttime="20220830 22:21:34.847" endtime="20220830 22:21:34.878"/>
</kw>
<kw name="Click Element" library="SeleniumLibrary">
<arg>${HOME_INPUT_SEARCH}</arg>
<doc>Click the element identified by ``locator``.</doc>
<msg timestamp="20220830 22:21:34.878" level="INFO">Clicking element '//*[@class="noo-search"]'.</msg>
<status status="PASS" starttime="20220830 22:21:34.878" endtime="20220830 22:21:34.940"/>
</kw>
<kw name="Element Text Should Be" library="SeleniumLibrary">
<arg>${HOME_INPUT_SEARCH_QA}</arg>
<arg>TYPE AND PRESS ENTER TO SEARCH</arg>
<doc>Verifies that element ``locator`` contains exact the text ``expected``.</doc>
<msg timestamp="20220830 22:21:34.941" level="INFO">Verifying element '//*[@class="note-search"]' contains exact text 'TYPE AND PRESS ENTER TO SEARCH'.</msg>
<status status="PASS" starttime="20220830 22:21:34.940" endtime="20220830 22:21:34.970"/>
</kw>
<kw name="Wait Until Element Is Visible" library="SeleniumLibrary">
<arg>${HOME_INPUT_CONSULTA}</arg>
<doc>Waits until the element ``locator`` is visible.</doc>
<status status="PASS" starttime="20220830 22:21:34.970" endtime="20220830 22:21:35.001"/>
</kw>
<kw name="Input Text" library="SeleniumLibrary">
<arg>${HOME_INPUT_CONSULTA}</arg>
<arg>Dress</arg>
<doc>Types the given ``text`` into the text field identified by ``locator``.</doc>
<msg timestamp="20220830 22:21:35.001" level="INFO">Typing text 'Dress' into text field '//*[@class="form-control"]'.</msg>
<status status="PASS" starttime="20220830 22:21:35.001" endtime="20220830 22:21:35.091"/>
</kw>
<kw name="Press Keys" library="SeleniumLibrary">
<arg>none</arg>
<arg>RETURN</arg>
<doc>Simulates the user pressing key(s) to an element or on the active browser.</doc>
<msg timestamp="20220830 22:21:35.092" level="INFO">Sending key(s) ('RETURN',) to page.</msg>
<msg timestamp="20220830 22:21:35.092" level="INFO">Pressing special key RETURN to browser.</msg>
<msg timestamp="20220830 22:21:35.092" level="INFO">Releasing special key RETURN.</msg>
<status status="PASS" starttime="20220830 22:21:35.091" endtime="20220830 22:21:39.200"/>
</kw>
<status status="PASS" starttime="20220830 22:20:57.955" endtime="20220830 22:21:39.201"/>
</kw>
<kw name="Quando seleciono o produto" library="validacao_itens_shopqa">
<kw name="Click Element" library="SeleniumLibrary">
<arg>${RESULTADOS_SELECIONAR_PRODUTO}</arg>
<doc>Click the element identified by ``locator``.</doc>
<msg timestamp="20220830 22:21:39.202" level="INFO">Clicking element '//*[@href="https://shop.demoqa.com/product/white-milkmaid-hook-and-eye-bodycon-midi-dress/"]'.</msg>
<status status="PASS" starttime="20220830 22:21:39.201" endtime="20220830 22:21:54.851"/>
</kw>
<status status="PASS" starttime="20220830 22:21:39.201" endtime="20220830 22:21:54.851"/>
</kw>
<status status="PASS" starttime="20220830 22:20:57.954" endtime="20220830 22:21:54.851"/>
</kw>
<kw name="Quando vou baixando a página" library="validacao_itens_shopqa">
<kw name="Dado que o produto é visível na tela" library="validacao_itens_shopqa">
<kw name="Dado que realizei a consulta de “Dress” no campo de pesquisa E apresentou produtos a serem escolhidos" library="validacao_itens_shopqa">
<kw name="Maximize Browser Window" library="SeleniumLibrary">
<doc>Maximizes current browser window.</doc>
<status status="PASS" starttime="20220830 22:21:54.853" endtime="20220830 22:21:54.858"/>
</kw>
<kw name="Go To" library="SeleniumLibrary">
<arg>https://shop.demoqa.com/</arg>
<doc>Navigates the current browser window to the provided ``url``.</doc>
<msg timestamp="20220830 22:21:54.858" level="INFO">Opening url 'https://shop.demoqa.com/'</msg>
<status status="PASS" starttime="20220830 22:21:54.858" endtime="20220830 22:21:55.383"/>
</kw>
<kw name="Title Should Be" library="SeleniumLibrary">
<arg>ToolsQA Demo Site – ToolsQA – Demo E-Commerce Site</arg>
<doc>Verifies that the current page title equals ``title``.</doc>
<msg timestamp="20220830 22:21:55.408" level="INFO">Page title is 'ToolsQA Demo Site – ToolsQA – Demo E-Commerce Site'.</msg>
<status status="PASS" starttime="20220830 22:21:55.383" endtime="20220830 22:21:55.408"/>
</kw>
<kw name="Wait Until Element Is Visible" library="SeleniumLibrary">
<arg>${HOME_INPUT_SEARCH}</arg>
<doc>Waits until the element ``locator`` is visible.</doc>
<status status="PASS" starttime="20220830 22:21:55.408" endtime="20220830 22:21:55.432"/>
</kw>
<kw name="Click Element" library="SeleniumLibrary">
<arg>${HOME_INPUT_SEARCH}</arg>
<doc>Click the element identified by ``locator``.</doc>
<msg timestamp="20220830 22:21:55.432" level="INFO">Clicking element '//*[@class="noo-search"]'.</msg>
<status status="PASS" starttime="20220830 22:21:55.432" endtime="20220830 22:21:55.524"/>
</kw>
<kw name="Element Text Should Be" library="SeleniumLibrary">
<arg>${HOME_INPUT_SEARCH_QA}</arg>
<arg>TYPE AND PRESS ENTER TO SEARCH</arg>
<doc>Verifies that element ``locator`` contains exact the text ``expected``.</doc>
<msg timestamp="20220830 22:21:55.525" level="INFO">Verifying element '//*[@class="note-search"]' contains exact text 'TYPE AND PRESS ENTER TO SEARCH'.</msg>
<status status="PASS" starttime="20220830 22:21:55.524" endtime="20220830 22:21:55.562"/>
</kw>
<kw name="Wait Until Element Is Visible" library="SeleniumLibrary">
<arg>${HOME_INPUT_CONSULTA}</arg>
<doc>Waits until the element ``locator`` is visible.</doc>
<status status="PASS" starttime="20220830 22:21:55.562" endtime="20220830 22:21:55.590"/>
</kw>
<kw name="Input Text" library="SeleniumLibrary">
<arg>${HOME_INPUT_CONSULTA}</arg>
<arg>Dress</arg>
<doc>Types the given ``text`` into the text field identified by ``locator``.</doc>
<msg timestamp="20220830 22:21:55.591" level="INFO">Typing text 'Dress' into text field '//*[@class="form-control"]'.</msg>
<status status="PASS" starttime="20220830 22:21:55.590" endtime="20220830 22:21:55.668"/>
</kw>
<kw name="Press Keys" library="SeleniumLibrary">
<arg>none</arg>
<arg>RETURN</arg>
<doc>Simulates the user pressing key(s) to an element or on the active browser.</doc>
<msg timestamp="20220830 22:21:55.669" level="INFO">Sending key(s) ('RETURN',) to page.</msg>
<msg timestamp="20220830 22:21:55.669" level="INFO">Pressing special key RETURN to browser.</msg>
<msg timestamp="20220830 22:21:55.669" level="INFO">Releasing special key RETURN.</msg>
<status status="PASS" starttime="20220830 22:21:55.668" endtime="20220830 22:21:56.677"/>
</kw>
<status status="PASS" starttime="20220830 22:21:54.853" endtime="20220830 22:21:56.678"/>
</kw>
<kw name="Quando seleciono o produto" library="validacao_itens_shopqa">
<kw name="Click Element" library="SeleniumLibrary">
<arg>${RESULTADOS_SELECIONAR_PRODUTO}</arg>
<doc>Click the element identified by ``locator``.</doc>
<msg timestamp="20220830 22:21:56.679" level="INFO">Clicking element '//*[@href="https://shop.demoqa.com/product/white-milkmaid-hook-and-eye-bodycon-midi-dress/"]'.</msg>
<status status="PASS" starttime="20220830 22:21:56.679" endtime="20220830 22:21:57.676"/>
</kw>
<status status="PASS" starttime="20220830 22:21:56.678" endtime="20220830 22:21:57.677"/>
</kw>
<status status="PASS" starttime="20220830 22:21:54.853" endtime="20220830 22:21:57.677"/>
</kw>
<status status="PASS" starttime="20220830 22:21:54.852" endtime="20220830 22:21:57.678"/>
</kw>
<kw name="Então é apresentado os produtos relacionados" library="validacao_itens_shopqa">
<kw name="Element Text Should Be" library="SeleniumLibrary">
<arg>${VALIDAR_PRODUTOS_RELACIONADOS}</arg>
<arg>RELATED PRODUCTS</arg>
<doc>Verifies that element ``locator`` contains exact the text ``expected``.</doc>
<msg timestamp="20220830 22:21:57.682" level="INFO">Verifying element '//*[@class="title-related"]' contains exact text 'RELATED PRODUCTS'.</msg>
<status status="PASS" starttime="20220830 22:21:57.681" endtime="20220830 22:21:57.734"/>
</kw>
<status status="PASS" starttime="20220830 22:21:57.680" endtime="20220830 22:21:57.735"/>
</kw>
<status status="PASS" starttime="20220830 22:20:57.951" endtime="20220830 22:21:57.736"/>
</test>
<kw name="Fechar Navegador" library="resource" type="TEARDOWN">
<kw name="Close Browser" library="SeleniumLibrary">
<doc>Closes the current browser.</doc>
<status status="PASS" starttime="20220830 22:21:57.739" endtime="20220830 22:22:00.086"/>
</kw>
<status status="PASS" starttime="20220830 22:21:57.739" endtime="20220830 22:22:00.087"/>
</kw>
<status status="PASS" starttime="20220830 22:20:55.346" endtime="20220830 22:22:00.087"/>
</suite>
<status status="PASS" starttime="20220830 22:20:55.314" endtime="20220830 22:22:00.089"/>
</suite>
<statistics>
<total>
<stat pass="1" fail="0" skip="0">All Tests</stat>
</total>
<tag>
</tag>
<suite>
<stat pass="1" fail="0" skip="0" id="s1" name="Test-Case">Test-Case</stat>
<stat pass="1" fail="0" skip="0" id="s1-s1" name="Itens Shop">Test-Case.Itens Shop</stat>
</suite>
</statistics>
<errors>
</errors>
</robot>
