<?xml version="1.0" encoding="UTF-8"?>
<robot generator="Robot 5.0.1 (Python 3.10.5 on win32)" generated="20220815 21:13:27.530" rpa="false" schemaversion="3">
<suite id="s1" name="Consulta Shop" source="E:\EstudoQAV4\EstudoQAV3\test-case\consulta_shop.robot">
<kw name="Dado que o browser esteja aberto" library="resource" type="SETUP">
<kw name="Open Browser" library="SeleniumLibrary">
<arg>url:blank</arg>
<arg>googlechrome</arg>
<doc>Opens a new browser instance to the optional ``url``.</doc>
<msg timestamp="20220815 21:13:28.271" level="INFO">Opening browser 'googlechrome' to base url 'url:blank'.</msg>
<status status="PASS" starttime="20220815 21:13:28.271" endtime="20220815 21:13:29.701"/>
</kw>
<status status="PASS" starttime="20220815 21:13:28.271" endtime="20220815 21:13:29.701"/>
</kw>
<test id="s1-t1" name="Cenário 1 – Apresentar a opção de Consulta" line="12">
<kw name="Dado que estou na tela principal do site" library="consulta_shopqa">
<kw name="Maximize Browser Window" library="SeleniumLibrary">
<doc>Maximizes current browser window.</doc>
<status status="PASS" starttime="20220815 21:13:29.704" endtime="20220815 21:13:29.836"/>
</kw>
<kw name="Go To" library="SeleniumLibrary">
<arg>https://shop.demoqa.com/</arg>
<doc>Navigates the current browser window to the provided ``url``.</doc>
<msg timestamp="20220815 21:13:29.837" level="INFO">Opening url 'https://shop.demoqa.com/'</msg>
<status status="PASS" starttime="20220815 21:13:29.837" endtime="20220815 21:13:34.210"/>
</kw>
<kw name="Title Should Be" library="SeleniumLibrary">
<arg>ToolsQA Demo Site – ToolsQA – Demo E-Commerce Site</arg>
<doc>Verifies that the current page title equals ``title``.</doc>
<msg timestamp="20220815 21:13:34.214" level="INFO">Page title is 'ToolsQA Demo Site – ToolsQA – Demo E-Commerce Site'.</msg>
<status status="PASS" starttime="20220815 21:13:34.210" endtime="20220815 21:13:34.214"/>
</kw>
<kw name="Wait Until Element Is Visible" library="SeleniumLibrary">
<arg>${HOME_INPUT_SEARCH}</arg>
<doc>Waits until the element ``locator`` is visible.</doc>
<status status="PASS" starttime="20220815 21:13:34.214" endtime="20220815 21:13:34.237"/>
</kw>
<status status="PASS" starttime="20220815 21:13:29.703" endtime="20220815 21:13:34.237"/>
</kw>
<kw name="Quando clico na opção de Search" library="consulta_shopqa">
<kw name="Click Element" library="SeleniumLibrary">
<arg>${HOME_INPUT_SEARCH}</arg>
<doc>Click the element identified by ``locator``.</doc>
<msg timestamp="20220815 21:13:34.239" level="INFO">Clicking element '//*[@class="noo-search"]'.</msg>
<status status="PASS" starttime="20220815 21:13:34.238" endtime="20220815 21:13:34.278"/>
</kw>
<status status="PASS" starttime="20220815 21:13:34.238" endtime="20220815 21:13:34.278"/>
</kw>
<kw name="Então é apresentado a opção para digitar o produto a ser consultado" library="consulta_shopqa">
<kw name="Element Text Should Be" library="SeleniumLibrary">
<arg>${HOME_INPUT_SEARCH_QA}</arg>
<arg>TYPE AND PRESS ENTER TO SEARCH</arg>
<doc>Verifies that element ``locator`` contains exact the text ``expected``.</doc>
<msg timestamp="20220815 21:13:34.279" level="INFO">Verifying element '//*[@class="note-search"]' contains exact text 'TYPE AND PRESS ENTER TO SEARCH'.</msg>
<status status="PASS" starttime="20220815 21:13:34.279" endtime="20220815 21:13:34.311"/>
</kw>
<status status="PASS" starttime="20220815 21:13:34.278" endtime="20220815 21:13:34.311"/>
</kw>
<status status="PASS" starttime="20220815 21:13:29.701" endtime="20220815 21:13:34.312"/>
</test>
<test id="s1-t2" name="Cenário 2 – Efetuar Consulta" line="19">
<kw name="Quando digito a texto Dress" library="consulta_shopqa">
<kw name="Input Text" library="SeleniumLibrary">
<arg>${HOME_INPUT_CONSULTA}</arg>
<arg>Dress</arg>
<doc>Types the given ``text`` into the text field identified by ``locator``.</doc>
<msg timestamp="20220815 21:13:34.314" level="INFO">Typing text 'Dress' into text field '//*[@class="form-control"]'.</msg>
<status status="PASS" starttime="20220815 21:13:34.314" endtime="20220815 21:13:34.368"/>
</kw>
<status status="PASS" starttime="20220815 21:13:34.314" endtime="20220815 21:13:34.368"/>
</kw>
<kw name="Então após dar Enter é apresentado os resultados de buscas" library="consulta_shopqa">
<kw name="Press Keys" library="SeleniumLibrary">
<arg>none</arg>
<arg>RETURN</arg>
<doc>Simulates the user pressing key(s) to an element or on the active browser.</doc>
<msg timestamp="20220815 21:13:34.369" level="INFO">Sending key(s) ('RETURN',) to page.</msg>
<msg timestamp="20220815 21:13:34.369" level="INFO">Pressing special key RETURN to browser.</msg>
<msg timestamp="20220815 21:13:34.369" level="INFO">Releasing special key RETURN.</msg>
<status status="PASS" starttime="20220815 21:13:34.369" endtime="20220815 21:13:34.913"/>
</kw>
<kw name="Element Should Contain" library="SeleniumLibrary">
<arg>${HOME_INPUT_RESULTADO_CONSULTA}</arg>
<arg>Showing</arg>
<doc>Verifies that element ``locator`` contains text ``expected``.</doc>
<msg timestamp="20220815 21:13:34.944" level="INFO">Element '//*[@class="woocommerce-result-count"]' contains text 'Showing'.</msg>
<status status="PASS" starttime="20220815 21:13:34.913" endtime="20220815 21:13:34.944"/>
</kw>
<status status="PASS" starttime="20220815 21:13:34.369" endtime="20220815 21:13:34.944"/>
</kw>
<status status="PASS" starttime="20220815 21:13:34.313" endtime="20220815 21:13:34.945"/>
</test>
<test id="s1-t3" name="Cenário 3 - Efetuar Consulta de único Resultado" line="25">
<kw name="Dado que apresentou a opção para digitar o produto a ser consultado" library="consulta_shopqa">
<kw name="Click Element" library="SeleniumLibrary">
<arg>${HOME_INPUT_SEARCH}</arg>
<doc>Click the element identified by ``locator``.</doc>
<msg timestamp="20220815 21:13:34.947" level="INFO">Clicking element '//*[@class="noo-search"]'.</msg>
<status status="PASS" starttime="20220815 21:13:34.947" endtime="20220815 21:13:34.993"/>
</kw>
<status status="PASS" starttime="20220815 21:13:34.947" endtime="20220815 21:13:34.993"/>
</kw>
<kw name="Quando digito a texto T-Shirt" library="consulta_shopqa">
<kw name="Input Text" library="SeleniumLibrary">
<arg>${HOME_INPUT_CONSULTA}</arg>
<arg>T-Shirt</arg>
<doc>Types the given ``text`` into the text field identified by ``locator``.</doc>
<msg timestamp="20220815 21:13:34.994" level="INFO">Typing text 'T-Shirt' into text field '//*[@class="form-control"]'.</msg>
<status status="PASS" starttime="20220815 21:13:34.994" endtime="20220815 21:13:35.050"/>
</kw>
<kw name="Press Keys" library="SeleniumLibrary">
<arg>none</arg>
<arg>RETURN</arg>
<doc>Simulates the user pressing key(s) to an element or on the active browser.</doc>
<msg timestamp="20220815 21:13:35.051" level="INFO">Sending key(s) ('RETURN',) to page.</msg>
<msg timestamp="20220815 21:13:35.051" level="INFO">Pressing special key RETURN to browser.</msg>
<msg timestamp="20220815 21:13:35.051" level="INFO">Releasing special key RETURN.</msg>
<status status="PASS" starttime="20220815 21:13:35.050" endtime="20220815 21:13:37.130"/>
</kw>
<status status="PASS" starttime="20220815 21:13:34.994" endtime="20220815 21:13:37.130"/>
</kw>
<kw name="Então após dar Enter é apresentado um único resultado em evidência" library="consulta_shopqa">
<kw name="Element Text Should Be" library="SeleniumLibrary">
<arg>${HOME_INPUT_SEARCH_t-SHIRT}</arg>
<arg>BLACK LUX GRAPHIC T-SHIRT</arg>
<doc>Verifies that element ``locator`` contains exact the text ``expected``.</doc>
<msg timestamp="20220815 21:13:37.131" level="INFO">Verifying element '//*[@class="page-title"]' contains exact text 'BLACK LUX GRAPHIC T-SHIRT'.</msg>
<status status="PASS" starttime="20220815 21:13:37.131" endtime="20220815 21:13:37.153"/>
</kw>
<status status="PASS" starttime="20220815 21:13:37.131" endtime="20220815 21:13:37.153"/>
</kw>
<status status="PASS" starttime="20220815 21:13:34.946" endtime="20220815 21:13:37.153"/>
</test>
<test id="s1-t4" name="Cenário 4 – Efetuar Consulta e apresentar a opção de produtos relacionados." line="32">
<kw name="Então após dar Enter é apresentado um único resultado e abaixo as opções de produtos relacionados" library="consulta_shopqa">
<kw name="Element Text Should Be" library="SeleniumLibrary">
<arg>${HOME_RETURN_SEARCH_PRODUTOS_RELACIONADO}</arg>
<arg>RELATED PRODUCTS</arg>
<doc>Verifies that element ``locator`` contains exact the text ``expected``.</doc>
<msg timestamp="20220815 21:13:37.157" level="INFO">Verifying element '//*[@class="title-related"]' contains exact text 'RELATED PRODUCTS'.</msg>
<status status="PASS" starttime="20220815 21:13:37.157" endtime="20220815 21:13:37.177"/>
</kw>
<status status="PASS" starttime="20220815 21:13:37.157" endtime="20220815 21:13:37.177"/>
</kw>
<status status="PASS" starttime="20220815 21:13:37.155" endtime="20220815 21:13:37.177"/>
</test>
<test id="s1-t5" name="Cenário 5 – Efetuar Consulta de produto inexistente" line="36">
<kw name="Dado que apresentou a opção para digitar o produto a ser consultado" library="consulta_shopqa">
<kw name="Click Element" library="SeleniumLibrary">
<arg>${HOME_INPUT_SEARCH}</arg>
<doc>Click the element identified by ``locator``.</doc>
<msg timestamp="20220815 21:13:37.180" level="INFO">Clicking element '//*[@class="noo-search"]'.</msg>
<status status="PASS" starttime="20220815 21:13:37.180" endtime="20220815 21:13:37.217"/>
</kw>
<status status="PASS" starttime="20220815 21:13:37.179" endtime="20220815 21:13:37.218"/>
</kw>
<kw name="Quando digito a texto Camisa" library="consulta_shopqa">
<kw name="Input Text" library="SeleniumLibrary">
<arg>${HOME_INPUT_CONSULTA}</arg>
<arg>CAMISA</arg>
<doc>Types the given ``text`` into the text field identified by ``locator``.</doc>
<msg timestamp="20220815 21:13:37.219" level="INFO">Typing text 'CAMISA' into text field '//*[@class="form-control"]'.</msg>
<status status="PASS" starttime="20220815 21:13:37.219" endtime="20220815 21:13:37.281"/>
</kw>
<kw name="Press Keys" library="SeleniumLibrary">
<arg>none</arg>
<arg>RETURN</arg>
<doc>Simulates the user pressing key(s) to an element or on the active browser.</doc>
<msg timestamp="20220815 21:13:37.282" level="INFO">Sending key(s) ('RETURN',) to page.</msg>
<msg timestamp="20220815 21:13:37.282" level="INFO">Pressing special key RETURN to browser.</msg>
<msg timestamp="20220815 21:13:37.282" level="INFO">Releasing special key RETURN.</msg>
<status status="PASS" starttime="20220815 21:13:37.281" endtime="20220815 21:13:37.800"/>
</kw>
<status status="PASS" starttime="20220815 21:13:37.218" endtime="20220815 21:13:37.800"/>
</kw>
<kw name="Então após dar Enter é apresentado a mensagem de que não foi encontrado produto" library="consulta_shopqa">
<kw name="Element Text Should Be" library="SeleniumLibrary">
<arg>${HOME_RETURN_SEARCH_PRODUTO_NAO_ENCONTRADO}</arg>
<arg>No products were found matching your selection.</arg>
<doc>Verifies that element ``locator`` contains exact the text ``expected``.</doc>
<msg timestamp="20220815 21:13:37.801" level="INFO">Verifying element '//*[@class="woocommerce-info"]' contains exact text 'No products were found matching your selection.'.</msg>
<status status="PASS" starttime="20220815 21:13:37.800" endtime="20220815 21:13:37.820"/>
</kw>
<status status="PASS" starttime="20220815 21:13:37.800" endtime="20220815 21:13:37.820"/>
</kw>
<status status="PASS" starttime="20220815 21:13:37.179" endtime="20220815 21:13:37.820"/>
</test>
<kw name="Fechar Navegador" library="resource" type="TEARDOWN">
<kw name="Close Browser" library="SeleniumLibrary">
<doc>Closes the current browser.</doc>
<status status="PASS" starttime="20220815 21:13:37.823" endtime="20220815 21:13:40.023"/>
</kw>
<status status="PASS" starttime="20220815 21:13:37.823" endtime="20220815 21:13:40.023"/>
</kw>
<status status="PASS" starttime="20220815 21:13:27.532" endtime="20220815 21:13:40.023"/>
</suite>
<statistics>
<total>
<stat pass="5" fail="0" skip="0">All Tests</stat>
</total>
<tag>
</tag>
<suite>
<stat pass="5" fail="0" skip="0" id="s1" name="Consulta Shop">Consulta Shop</stat>
</suite>
</statistics>
<errors>
</errors>
</robot>
