<?xml version="1.0" encoding="UTF-8"?>
<robot generator="Robot 5.0.1 (Python 3.10.5 on win32)" generated="20220823 21:22:34.328" rpa="false" schemaversion="3">
<suite id="s1" name="Itens Shop" source="E:\EstudoQAV4\EstudoQAV3\test-case\itens_shop.robot">
<kw name="Dado que o browser esteja aberto" library="resource" type="SETUP">
<kw name="Open Browser" library="SeleniumLibrary">
<arg>url:blank</arg>
<arg>googlechrome</arg>
<doc>Opens a new browser instance to the optional ``url``.</doc>
<msg timestamp="20220823 21:22:35.085" level="INFO">Opening browser 'googlechrome' to base url 'url:blank'.</msg>
<status status="PASS" starttime="20220823 21:22:35.085" endtime="20220823 21:22:36.254"/>
</kw>
<status status="PASS" starttime="20220823 21:22:35.085" endtime="20220823 21:22:36.254"/>
</kw>
<test id="s1-t1" name="Cenário 1 - Confirmar se o produto é apresentado" line="12">
<kw name="Dado que realizei a consulta de “Dress” no campo de pesquisa E apresentou produtos a serem escolhidos" library="validacao_itens_shopqa">
<kw name="Maximize Browser Window" library="SeleniumLibrary">
<doc>Maximizes current browser window.</doc>
<status status="PASS" starttime="20220823 21:22:36.258" endtime="20220823 21:22:36.379"/>
</kw>
<kw name="Go To" library="SeleniumLibrary">
<arg>https://shop.demoqa.com/</arg>
<doc>Navigates the current browser window to the provided ``url``.</doc>
<msg timestamp="20220823 21:22:36.380" level="INFO">Opening url 'https://shop.demoqa.com/'</msg>
<status status="PASS" starttime="20220823 21:22:36.379" endtime="20220823 21:22:41.251"/>
</kw>
<kw name="Title Should Be" library="SeleniumLibrary">
<arg>ToolsQA Demo Site – ToolsQA – Demo E-Commerce Site</arg>
<doc>Verifies that the current page title equals ``title``.</doc>
<msg timestamp="20220823 21:22:41.256" level="INFO">Page title is 'ToolsQA Demo Site – ToolsQA – Demo E-Commerce Site'.</msg>
<status status="PASS" starttime="20220823 21:22:41.251" endtime="20220823 21:22:41.256"/>
</kw>
<kw name="Wait Until Element Is Visible" library="SeleniumLibrary">
<arg>${HOME_INPUT_SEARCH}</arg>
<doc>Waits until the element ``locator`` is visible.</doc>
<status status="PASS" starttime="20220823 21:22:41.256" endtime="20220823 21:22:41.278"/>
</kw>
<kw name="Click Element" library="SeleniumLibrary">
<arg>${HOME_INPUT_SEARCH}</arg>
<doc>Click the element identified by ``locator``.</doc>
<msg timestamp="20220823 21:22:41.278" level="INFO">Clicking element '//*[@class="noo-search"]'.</msg>
<status status="PASS" starttime="20220823 21:22:41.278" endtime="20220823 21:22:41.318"/>
</kw>
<kw name="Element Text Should Be" library="SeleniumLibrary">
<arg>${HOME_INPUT_SEARCH_QA}</arg>
<arg>TYPE AND PRESS ENTER TO SEARCH</arg>
<doc>Verifies that element ``locator`` contains exact the text ``expected``.</doc>
<msg timestamp="20220823 21:22:41.318" level="INFO">Verifying element '//*[@class="note-search"]' contains exact text 'TYPE AND PRESS ENTER TO SEARCH'.</msg>
<status status="PASS" starttime="20220823 21:22:41.318" endtime="20220823 21:22:41.349"/>
</kw>
<kw name="Wait Until Element Is Visible" library="SeleniumLibrary">
<arg>${HOME_INPUT_CONSULTA}</arg>
<doc>Waits until the element ``locator`` is visible.</doc>
<status status="PASS" starttime="20220823 21:22:41.349" endtime="20220823 21:22:41.369"/>
</kw>
<kw name="Input Text" library="SeleniumLibrary">
<arg>${HOME_INPUT_CONSULTA}</arg>
<arg>Dress</arg>
<doc>Types the given ``text`` into the text field identified by ``locator``.</doc>
<msg timestamp="20220823 21:22:41.369" level="INFO">Typing text 'Dress' into text field '//*[@class="form-control"]'.</msg>
<status status="PASS" starttime="20220823 21:22:41.369" endtime="20220823 21:22:41.421"/>
</kw>
<kw name="Press Keys" library="SeleniumLibrary">
<arg>none</arg>
<arg>RETURN</arg>
<doc>Simulates the user pressing key(s) to an element or on the active browser.</doc>
<msg timestamp="20220823 21:22:41.422" level="INFO">Sending key(s) ('RETURN',) to page.</msg>
<msg timestamp="20220823 21:22:41.422" level="INFO">Pressing special key RETURN to browser.</msg>
<msg timestamp="20220823 21:22:41.422" level="INFO">Releasing special key RETURN.</msg>
<status status="PASS" starttime="20220823 21:22:41.422" endtime="20220823 21:22:41.987"/>
</kw>
<status status="PASS" starttime="20220823 21:22:36.257" endtime="20220823 21:22:41.987"/>
</kw>
<kw name="Quando seleciono o produto" library="validacao_itens_shopqa">
<kw name="Click Element" library="SeleniumLibrary">
<arg>${RESULTADOS_SELECIONAR_PRODUTO}</arg>
<doc>Click the element identified by ``locator``.</doc>
<msg timestamp="20220823 21:22:41.988" level="INFO">Clicking element '//*[@href="https://shop.demoqa.com/product/white-milkmaid-hook-and-eye-bodycon-midi-dress/"]'.</msg>
<status status="PASS" starttime="20220823 21:22:41.988" endtime="20220823 21:22:43.308"/>
</kw>
<status status="PASS" starttime="20220823 21:22:41.988" endtime="20220823 21:22:43.308"/>
</kw>
<kw name="Então é apresentado as informações do produto" library="validacao_itens_shopqa">
<kw name="Element Text Should Be" library="SeleniumLibrary">
<arg>${ESPECIFICACAO_PRODUTO}</arg>
<arg>a white midi dress in a milkmaid style featuring puff detail sleeves and split on the reverse.</arg>
<doc>Verifies that element ``locator`` contains exact the text ``expected``.</doc>
<msg timestamp="20220823 21:22:43.309" level="INFO">Verifying element '//*[@class="product-essential__description"]' contains exact text 'a white midi dress in a milkmaid style featuring puff detail sleeves and split on the reverse.'.</msg>
<status status="PASS" starttime="20220823 21:22:43.309" endtime="20220823 21:22:43.330"/>
</kw>
<status status="PASS" starttime="20220823 21:22:43.308" endtime="20220823 21:22:43.330"/>
</kw>
<status status="PASS" starttime="20220823 21:22:36.255" endtime="20220823 21:22:43.330"/>
</test>
<test id="s1-t2" name="Cenário 3 - Escolhendo o tipo de tamanho do produto" line="20">
<kw name="Quando clico na opção de tamanho" library="validacao_itens_shopqa">
<kw name="Click Element" library="SeleniumLibrary">
<arg>${ESCOLHENDO_TAMANHO}</arg>
<doc>Click the element identified by ``locator``.</doc>
<msg timestamp="20220823 21:22:43.332" level="INFO">Clicking element '//*[@id="pa_size"]'.</msg>
<status status="PASS" starttime="20220823 21:22:43.332" endtime="20220823 21:22:43.383"/>
</kw>
<kw name="Click Element" library="SeleniumLibrary">
<arg>${ESCOLHENDO_TAMANHO_MEDIUM}</arg>
<doc>Click the element identified by ``locator``.</doc>
<msg timestamp="20220823 21:22:43.384" level="INFO">Clicking element '//*[@value="medium"]'.</msg>
<status status="PASS" starttime="20220823 21:22:43.383" endtime="20220823 21:22:43.420"/>
</kw>
<status status="PASS" starttime="20220823 21:22:43.332" endtime="20220823 21:22:43.420"/>
</kw>
<kw name="Então é apresentado as opções de escolha de tamanho" library="validacao_itens_shopqa">
<kw name="Element Text Should Be" library="SeleniumLibrary">
<arg>${ESCOLHENDO_TAMANHO_MEDIUM}</arg>
<arg>Medium</arg>
<doc>Verifies that element ``locator`` contains exact the text ``expected``.</doc>
<msg timestamp="20220823 21:22:43.421" level="INFO">Verifying element '//*[@value="medium"]' contains exact text 'Medium'.</msg>
<status status="PASS" starttime="20220823 21:22:43.421" endtime="20220823 21:22:43.440"/>
</kw>
<status status="PASS" starttime="20220823 21:22:43.420" endtime="20220823 21:22:43.440"/>
</kw>
<status status="PASS" starttime="20220823 21:22:43.331" endtime="20220823 21:22:43.440"/>
</test>
<test id="s1-t3" name="Cenário 2 - Escolhendo o tipo de cor do produto" line="27">
<kw name="Quando clico na opção de cor" library="validacao_itens_shopqa">
<kw name="Click Element" library="SeleniumLibrary">
<arg>${ESCOLHENDO_COR}</arg>
<doc>Click the element identified by ``locator``.</doc>
<msg timestamp="20220823 21:22:43.443" level="INFO">Clicking element '//*[@id="pa_color"]'.</msg>
<status status="PASS" starttime="20220823 21:22:43.443" endtime="20220823 21:22:43.517"/>
</kw>
<status status="PASS" starttime="20220823 21:22:43.442" endtime="20220823 21:22:43.517"/>
</kw>
<kw name="Então é apresentado as opções de escolha de cor E quando seleciono a cor é apresentado a foto com a cor escolhida" library="validacao_itens_shopqa">
<kw name="Click Element" library="SeleniumLibrary">
<arg>${ESCOLHENDO_COR_WHITE}</arg>
<doc>Click the element identified by ``locator``.</doc>
<msg timestamp="20220823 21:22:43.519" level="INFO">Clicking element '//*[@value="white"]'.</msg>
<status status="PASS" starttime="20220823 21:22:43.518" endtime="20220823 21:22:43.591"/>
</kw>
<kw name="Element Text Should Be" library="SeleniumLibrary">
<arg>${ESCOLHENDO_COR_WHITE}</arg>
<arg>White</arg>
<doc>Verifies that element ``locator`` contains exact the text ``expected``.</doc>
<msg timestamp="20220823 21:22:43.591" level="INFO">Verifying element '//*[@value="white"]' contains exact text 'White'.</msg>
<status status="PASS" starttime="20220823 21:22:43.591" endtime="20220823 21:22:43.634"/>
</kw>
<status status="PASS" starttime="20220823 21:22:43.518" endtime="20220823 21:22:43.634"/>
</kw>
<status status="PASS" starttime="20220823 21:22:43.442" endtime="20220823 21:22:43.635"/>
</test>
<kw name="Fechar Navegador" library="resource" type="TEARDOWN">
<kw name="Close Browser" library="SeleniumLibrary">
<doc>Closes the current browser.</doc>
<status status="PASS" starttime="20220823 21:22:43.638" endtime="20220823 21:22:45.932"/>
</kw>
<status status="PASS" starttime="20220823 21:22:43.638" endtime="20220823 21:22:45.932"/>
</kw>
<status status="PASS" starttime="20220823 21:22:34.329" endtime="20220823 21:22:45.932"/>
</suite>
<statistics>
<total>
<stat pass="3" fail="0" skip="0">All Tests</stat>
</total>
<tag>
</tag>
<suite>
<stat pass="3" fail="0" skip="0" id="s1" name="Itens Shop">Itens Shop</stat>
</suite>
</statistics>
<errors>
</errors>
</robot>
